2024-07-02 08:56:10,525 INFO  [main] thrift.ThriftServer: ***** STARTING service 'ThriftServer' *****
2024-07-02 08:56:10,532 INFO  [main] util.VersionInfo: HBase 2.1.2
2024-07-02 08:56:10,533 INFO  [main] util.VersionInfo: Source code repository git://kalashnikov/Users/stack/checkouts/hbase.git revision=1dfc418f77801fbfb59a125756891b9100c1fc6d
2024-07-02 08:56:10,533 INFO  [main] util.VersionInfo: Compiled by stack on Sun Dec 30 21:45:09 PST 2018
2024-07-02 08:56:10,533 INFO  [main] util.VersionInfo: From source with checksum 5701bcce2fc4832a4b2990adc735b516
2024-07-02 08:56:11,029 INFO  [main] thrift.ThriftServerRunner: Using default thrift server type
2024-07-02 08:56:11,029 INFO  [main] thrift.ThriftServerRunner: Using thrift server type threadpool
2024-07-02 08:56:11,079 WARN  [main] util.NativeCodeLoader: Unable to load native-hadoop library for your platform... using builtin-java classes where applicable
2024-07-02 08:56:11,726 INFO  [main] metrics.MetricRegistries: Loaded MetricRegistries class org.apache.hadoop.hbase.metrics.impl.MetricRegistriesImpl
2024-07-02 08:56:11,822 INFO  [main] util.log: Logging initialized @1636ms
2024-07-02 08:56:11,898 INFO  [main] http.HttpRequestLog: Http request log for http.requests.thrift is not defined
2024-07-02 08:56:11,919 INFO  [main] http.HttpServer: Added global filter 'safety' (class=org.apache.hadoop.hbase.http.HttpServer$QuotingInputFilter)
2024-07-02 08:56:11,920 INFO  [main] http.HttpServer: Added global filter 'clickjackingprevention' (class=org.apache.hadoop.hbase.http.ClickjackingPreventionFilter)
2024-07-02 08:56:11,922 INFO  [main] http.HttpServer: Added filter static_user_filter (class=org.apache.hadoop.hbase.http.lib.StaticUserWebFilter$StaticUserFilter) to context thrift
2024-07-02 08:56:11,922 INFO  [main] http.HttpServer: Added filter static_user_filter (class=org.apache.hadoop.hbase.http.lib.StaticUserWebFilter$StaticUserFilter) to context static
2024-07-02 08:56:11,922 INFO  [main] http.HttpServer: Added filter static_user_filter (class=org.apache.hadoop.hbase.http.lib.StaticUserWebFilter$StaticUserFilter) to context logs
2024-07-02 08:56:11,964 INFO  [main] http.HttpServer: Jetty bound to port 9095
2024-07-02 08:56:11,966 INFO  [main] server.Server: jetty-9.3.19.v20170502
2024-07-02 08:56:12,050 INFO  [main] handler.ContextHandler: Started o.e.j.s.ServletContextHandler@be35cd9{/logs,file:///opt/hbase/logs/,AVAILABLE}
2024-07-02 08:56:12,056 INFO  [main] handler.ContextHandler: Started o.e.j.s.ServletContextHandler@44821a96{/static,file:///opt/hbase/hbase-webapps/static/,AVAILABLE}
2024-07-02 08:56:12,169 INFO  [main] handler.ContextHandler: Started o.e.j.w.WebAppContext@14028087{/,file:///opt/hbase/hbase-webapps/thrift/,AVAILABLE}{file:/opt/hbase/hbase-webapps/thrift}
2024-07-02 08:56:12,175 INFO  [main] server.AbstractConnector: Started ServerConnector@30858cce{HTTP/1.1,[http/1.1]}{0.0.0.0:9095}
2024-07-02 08:56:12,180 INFO  [main] server.Server: Started @1995ms
2024-07-02 08:56:12,202 INFO  [main] thrift.ThriftServerRunner: starting TBoundedThreadPoolServer on /0.0.0.0:9090 with readTimeout 60000ms; min worker threads=16, max worker threads=1000, max queued requests=1000
2024-07-02 09:11:54,794 INFO  [ReadOnlyZKClient-hbase-docker:2181@0x5898358b] zookeeper.ZooKeeper: Client environment:zookeeper.version=3.4.10-39d3a4f269333c922ed3db283be479f9deacaa0f, built on 03/23/2017 10:13 GMT
2024-07-02 09:11:54,794 INFO  [ReadOnlyZKClient-hbase-docker:2181@0x5898358b] zookeeper.ZooKeeper: Client environment:host.name=hbase-docker
2024-07-02 09:11:54,794 INFO  [ReadOnlyZKClient-hbase-docker:2181@0x5898358b] zookeeper.ZooKeeper: Client environment:java.version=1.8.0_191
2024-07-02 09:11:54,794 INFO  [ReadOnlyZKClient-hbase-docker:2181@0x5898358b] zookeeper.ZooKeeper: Client environment:java.vendor=Oracle Corporation
2024-07-02 09:11:54,794 INFO  [ReadOnlyZKClient-hbase-docker:2181@0x5898358b] zookeeper.ZooKeeper: Client environment:java.home=/usr/lib/jvm/java-8-openjdk-amd64/jre
2024-07-02 09:11:54,794 INFO  [ReadOnlyZKClient-hbase-docker:2181@0x5898358b] zookeeper.ZooKeeper: 30121.jar:/opt/hbase/bin/../lib/osgi-resource-locator-1.0.1.jar:/opt/hbase/bin/../lib/paranamer-2.3.jar:/opt/hbase/bin/../lib/protobuf-java-2.5.0.jar:/opt/hbase/bin/../lib/snappy-java-1.0.5.jar:/opt/hbase/bin/../lib/spymemcached-2.12.2.jar:/opt/hbase/bin/../lib/validation-api-1.1.0.Final.jar:/opt/hbase/bin/../lib/xmlenc-0.52.jar:/opt/hbase/bin/../lib/xz-1.0.jar:/opt/hbase/bin/../lib/zookeeper-3.4.10.jar:/opt/hbase/bin/../lib/client-facing-thirdparty/audience-annotations-0.5.0.jar:/opt/hbase/bin/../lib/client-facing-thirdparty/commons-logging-1.2.jar:/opt/hbase/bin/../lib/client-facing-thirdparty/findbugs-annotations-1.3.9-1.jar:/opt/hbase/bin/../lib/client-facing-thirdparty/htrace-core4-4.2.0-incubating.jar:/opt/hbase/bin/../lib/client-facing-thirdparty/log4j-1.2.17.jar:/opt/hbase/bin/../lib/client-facing-thirdparty/slf4j-api-1.7.25.jar:/opt/hbase/bin/../lib/client-facing-thirdparty/htrace-core-3.1.0-incubating.jar:/opt/hbase/bin/../lib/client-facing-thirdparty/slf4j-log4j12-1.7.25.jar
2024-07-02 09:11:54,794 INFO  [ReadOnlyZKClient-hbase-docker:2181@0x5898358b] zookeeper.ZooKeeper: Client environment:java.library.path=/usr/java/packages/lib/amd64:/usr/lib/x86_64-linux-gnu/jni:/lib/x86_64-linux-gnu:/usr/lib/x86_64-linux-gnu:/usr/lib/jni:/lib:/usr/lib
2024-07-02 09:11:54,794 INFO  [ReadOnlyZKClient-hbase-docker:2181@0x5898358b] zookeeper.ZooKeeper: Client environment:java.io.tmpdir=/tmp
2024-07-02 09:11:54,795 INFO  [ReadOnlyZKClient-hbase-docker:2181@0x5898358b] zookeeper.ZooKeeper: Client environment:java.compiler=<NA>
2024-07-02 09:11:54,795 INFO  [ReadOnlyZKClient-hbase-docker:2181@0x5898358b] zookeeper.ZooKeeper: Client environment:os.name=Linux
2024-07-02 09:11:54,795 INFO  [ReadOnlyZKClient-hbase-docker:2181@0x5898358b] zookeeper.ZooKeeper: Client environment:os.arch=amd64
2024-07-02 09:11:54,795 INFO  [ReadOnlyZKClient-hbase-docker:2181@0x5898358b] zookeeper.ZooKeeper: Client environment:os.version=5.15.153.1-microsoft-standard-WSL2
2024-07-02 09:11:54,795 INFO  [ReadOnlyZKClient-hbase-docker:2181@0x5898358b] zookeeper.ZooKeeper: Client environment:user.name=root
2024-07-02 09:11:54,795 INFO  [ReadOnlyZKClient-hbase-docker:2181@0x5898358b] zookeeper.ZooKeeper: Client environment:user.home=/root
2024-07-02 09:11:54,795 INFO  [ReadOnlyZKClient-hbase-docker:2181@0x5898358b] zookeeper.ZooKeeper: Client environment:user.dir=/
2024-07-02 09:11:54,797 INFO  [ReadOnlyZKClient-hbase-docker:2181@0x5898358b] zookeeper.ZooKeeper: Initiating client connection, connectString=hbase-docker:2181 sessionTimeout=90000 watcher=org.apache.hadoop.hbase.zookeeper.ReadOnlyZKClient$$Lambda$28/1430686742@7d907bfa
2024-07-02 09:11:54,807 INFO  [ReadOnlyZKClient-hbase-docker:2181@0x5898358b-SendThread(hbase-docker:2181)] zookeeper.ClientCnxn: Opening socket connection to server hbase-docker/172.17.0.2:2181. Will not attempt to authenticate using SASL (unknown error)
2024-07-02 09:11:54,811 INFO  [ReadOnlyZKClient-hbase-docker:2181@0x5898358b-SendThread(hbase-docker:2181)] zookeeper.ClientCnxn: Socket connection established to hbase-docker/172.17.0.2:2181, initiating session
2024-07-02 09:11:54,818 INFO  [ReadOnlyZKClient-hbase-docker:2181@0x5898358b-SendThread(hbase-docker:2181)] zookeeper.ClientCnxn: Session establishment complete on server hbase-docker/172.17.0.2:2181, sessionid = 0x19072a89ced0005, negotiated timeout = 40000
2024-07-02 09:11:56,238 INFO  [thrift-worker-0] client.HBaseAdmin: Operation: CREATE, Table Name: default:interactions_clients, procId: 7 completed
2024-07-02 09:12:09,911 INFO  [thrift-worker-1] client.HBaseAdmin: Operation: CREATE, Table Name: default:navigation_web, procId: 9 completed
2024-07-02 09:12:28,801 INFO  [thrift-worker-2] client.HBaseAdmin: Operation: CREATE, Table Name: default:produits_souscrits, procId: 11 completed
2024-07-02 09:12:33,910 INFO  [thrift-worker-3] client.HBaseAdmin: Operation: CREATE, Table Name: default:duration_by_client, procId: 13 completed
2024-07-02 09:12:35,834 INFO  [thrift-worker-4] client.HBaseAdmin: Operation: CREATE, Table Name: default:duration_navigation_by_client, procId: 15 completed
2024-07-02 09:12:55,358 INFO  [ReadOnlyZKClient-hbase-docker:2181@0x5898358b] zookeeper.ZooKeeper: Session: 0x19072a89ced0005 closed
2024-07-02 09:12:55,358 INFO  [ReadOnlyZKClient-hbase-docker:2181@0x5898358b-EventThread] zookeeper.ClientCnxn: EventThread shut down for session: 0x19072a89ced0005
2024-07-02 09:22:41,673 INFO  [ConnectionCache.Chore.1] client.ConnectionImplementation: Closing master protocol: MasterService
2024-07-02 09:30:01,527 INFO  [JvmPauseMonitor] util.JvmPauseMonitor: Detected pause in JVM or host machine (eg GC): pause of approximately 2310ms
GC pool 'ParNew' had collection(s): count=1 time=8ms
GC pool 'ConcurrentMarkSweep' had collection(s): count=1 time=107ms
2024-07-02 13:03:17,641 INFO  [ConnectionCache.Chore.1] hbase.ScheduledChore: Chore: ConnectionCleaner missed its start time
