2024-07-02 08:56:10,540 INFO  [main] RESTServer: ***** STARTING service 'RESTServer' *****
2024-07-02 08:56:10,542 INFO  [main] util.VersionInfo: HBase 2.1.2
2024-07-02 08:56:10,542 INFO  [main] util.VersionInfo: Source code repository git://kalashnikov/Users/stack/checkouts/hbase.git revision=1dfc418f77801fbfb59a125756891b9100c1fc6d
2024-07-02 08:56:10,542 INFO  [main] util.VersionInfo: Compiled by stack on Sun Dec 30 21:45:09 PST 2018
2024-07-02 08:56:10,542 INFO  [main] util.VersionInfo: From source with checksum 5701bcce2fc4832a4b2990adc735b516
2024-07-02 08:56:11,018 WARN  [main] util.NativeCodeLoader: Unable to load native-hadoop library for your platform... using builtin-java classes where applicable
2024-07-02 08:56:11,640 INFO  [main] metrics.MetricRegistries: Loaded MetricRegistries class org.apache.hadoop.hbase.metrics.impl.MetricRegistriesImpl
2024-07-02 08:56:11,799 INFO  [main] util.log: Logging initialized @1609ms
2024-07-02 08:56:12,038 INFO  [main] http.HttpRequestLog: Http request log for http.requests.rest is not defined
2024-07-02 08:56:12,046 INFO  [main] http.HttpServer: Added global filter 'safety' (class=org.apache.hadoop.hbase.http.HttpServer$QuotingInputFilter)
2024-07-02 08:56:12,047 INFO  [main] http.HttpServer: Added global filter 'clickjackingprevention' (class=org.apache.hadoop.hbase.http.ClickjackingPreventionFilter)
2024-07-02 08:56:12,050 INFO  [main] http.HttpServer: Added filter static_user_filter (class=org.apache.hadoop.hbase.http.lib.StaticUserWebFilter$StaticUserFilter) to context rest
2024-07-02 08:56:12,050 INFO  [main] http.HttpServer: Added filter static_user_filter (class=org.apache.hadoop.hbase.http.lib.StaticUserWebFilter$StaticUserFilter) to context static
2024-07-02 08:56:12,050 INFO  [main] http.HttpServer: Added filter static_user_filter (class=org.apache.hadoop.hbase.http.lib.StaticUserWebFilter$StaticUserFilter) to context logs
2024-07-02 08:56:12,057 INFO  [main] http.HttpServer: Jetty bound to port 8085
2024-07-02 08:56:12,058 INFO  [main] server.Server: jetty-9.3.19.v20170502
2024-07-02 08:56:12,157 INFO  [main] handler.ContextHandler: Started o.e.j.s.ServletContextHandler@6c1a5b54{/logs,file:///opt/hbase/logs/,AVAILABLE}
2024-07-02 08:56:12,158 INFO  [main] handler.ContextHandler: Started o.e.j.s.ServletContextHandler@60099951{/static,file:///opt/hbase/hbase-webapps/static/,AVAILABLE}
2024-07-02 08:56:12,270 INFO  [main] handler.ContextHandler: Started o.e.j.w.WebAppContext@24c1b2d2{/,file:///opt/hbase/hbase-webapps/rest/,AVAILABLE}{file:/opt/hbase/hbase-webapps/rest}
2024-07-02 08:56:12,277 INFO  [main] server.AbstractConnector: Started ServerConnector@45385f75{HTTP/1.1,[http/1.1]}{0.0.0.0:8085}
2024-07-02 08:56:12,277 INFO  [main] server.Server: Started @2092ms
2024-07-02 08:56:12,278 INFO  [main] server.Server: jetty-9.3.19.v20170502
2024-07-02 08:56:12,326 WARN  [main] security.SecurityHandler: ServletContext@o.e.j.s.ServletContextHandler@759d26fb{/,null,STARTING} has uncovered http methods for path: /*
2024-07-02 08:56:12,972 INFO  [main] handler.ContextHandler: Started o.e.j.s.ServletContextHandler@759d26fb{/,null,AVAILABLE}
2024-07-02 08:56:12,979 INFO  [main] server.AbstractConnector: Started ServerConnector@41e1e210{HTTP/1.1,[http/1.1]}{0.0.0.0:8080}
2024-07-02 08:56:12,979 INFO  [main] server.Server: Started @2793ms
2024-07-02 13:03:17,351 INFO  [ConnectionCache.Chore.1] hbase.ScheduledChore: Chore: ConnectionCleaner missed its start time
