2024-07-02 10:07:35,748 INFO:Spark session created succesfully
2024-07-02 10:07:42,890 INFO:df_interactions_clients contains less than 5% of missing values, we just dropped them.
2024-07-02 10:07:43,419 INFO:df_navigation_web contains less than 5% of missing values, we just dropped them.
2024-07-02 10:07:43,794 INFO:df_produits_souscrits contains less than 5% of missing values, we just dropped them.
2024-07-02 10:07:53,884 ERROR:Could not write to HBase due to TTransportException(type=1, message="Could not connect to ('hbase', 9090)")
2024-07-02 10:08:03,896 ERROR:Could not write to HBase due to TTransportException(type=1, message="Could not connect to ('hbase', 9090)")
2024-07-02 10:08:13,901 ERROR:Could not write to HBase due to TTransportException(type=1, message="Could not connect to ('hbase', 9090)")
2024-07-02 10:08:23,911 ERROR:Could not write to HBase due to TTransportException(type=1, message="Could not connect to ('hbase', 9090)")
2024-07-02 10:08:33,916 ERROR:Could not write to HBase due to TTransportException(type=1, message="Could not connect to ('hbase', 9090)")
2024-07-02 10:08:34,348 INFO:Closing down clientserver connection
2024-07-02 11:02:45,160 INFO:Spark session created succesfully
2024-07-02 11:02:46,513 ERROR:Could not read data due to [PATH_NOT_FOUND] Path does not exist: file:/home/lifu237/deploiement/data/interactions_clients.csv.
2024-07-02 11:02:46,533 ERROR:Could not read data due to [PATH_NOT_FOUND] Path does not exist: file:/home/lifu237/deploiement/data/navigation_web.csv.
2024-07-02 11:02:46,551 ERROR:Could not read data due to [PATH_NOT_FOUND] Path does not exist: file:/home/lifu237/deploiement/data/produits_souscrits.csv.
2024-07-02 11:02:46,552 INFO:Closing down clientserver connection
2024-07-02 11:04:05,947 INFO:Spark session created succesfully
2024-07-02 11:04:11,711 INFO:df_interactions_clients contains less than 5% of missing values, we just dropped them.
2024-07-02 11:04:11,731 INFO:timestamp has been converted successfully.
2024-07-02 11:04:12,098 INFO:df_navigation_web contains less than 5% of missing values, we just dropped them.
2024-07-02 11:04:12,109 INFO:timestamp has been converted successfully.
2024-07-02 11:04:12,351 INFO:df_produits_souscrits contains less than 5% of missing values, we just dropped them.
2024-07-02 11:04:12,378 INFO:subscription_date has been converted successfully.
2024-07-02 11:04:22,451 ERROR:Could not write to HBase due to TTransportException(type=1, message="Could not connect to ('hbase', 9090)")
2024-07-02 11:04:32,463 ERROR:Could not write to HBase due to TTransportException(type=1, message="Could not connect to ('hbase', 9090)")
2024-07-02 11:04:42,475 ERROR:Could not write to HBase due to TTransportException(type=1, message="Could not connect to ('hbase', 9090)")
2024-07-02 11:04:52,484 ERROR:Could not write to HBase due to TTransportException(type=1, message="Could not connect to ('hbase', 9090)")
2024-07-02 11:05:02,496 ERROR:Could not write to HBase due to TTransportException(type=1, message="Could not connect to ('hbase', 9090)")
2024-07-02 11:05:02,650 INFO:Closing down clientserver connection
2024-07-02 11:09:51,698 INFO:Spark session created succesfully
2024-07-02 11:09:56,320 INFO:df_interactions_clients contains less than 5% of missing values, we just dropped them.
2024-07-02 11:09:56,337 INFO:timestamp has been converted successfully.
2024-07-02 11:09:56,683 INFO:df_navigation_web contains less than 5% of missing values, we just dropped them.
2024-07-02 11:09:56,692 INFO:timestamp has been converted successfully.
2024-07-02 11:09:56,959 INFO:df_produits_souscrits contains less than 5% of missing values, we just dropped them.
2024-07-02 11:09:56,969 INFO:subscription_date has been converted successfully.
2024-07-02 11:10:07,044 ERROR:Could not write to HBase due to TTransportException(type=1, message="Could not connect to ('hbase', 32770)")
2024-07-02 11:10:17,052 ERROR:Could not write to HBase due to TTransportException(type=1, message="Could not connect to ('hbase', 32770)")
2024-07-02 11:10:27,063 ERROR:Could not write to HBase due to TTransportException(type=1, message="Could not connect to ('hbase', 32770)")
2024-07-02 11:10:37,072 ERROR:Could not write to HBase due to TTransportException(type=1, message="Could not connect to ('hbase', 32770)")
2024-07-02 11:10:47,082 ERROR:Could not write to HBase due to TTransportException(type=1, message="Could not connect to ('hbase', 32770)")
2024-07-02 11:10:47,448 INFO:Closing down clientserver connection
2024-07-02 11:11:00,724 INFO:Spark session created succesfully
2024-07-02 11:11:05,441 INFO:df_interactions_clients contains less than 5% of missing values, we just dropped them.
2024-07-02 11:11:05,458 INFO:timestamp has been converted successfully.
2024-07-02 11:11:05,804 INFO:df_navigation_web contains less than 5% of missing values, we just dropped them.
2024-07-02 11:11:05,815 INFO:timestamp has been converted successfully.
2024-07-02 11:11:06,146 INFO:df_produits_souscrits contains less than 5% of missing values, we just dropped them.
2024-07-02 11:11:06,153 INFO:subscription_date has been converted successfully.
2024-07-02 11:11:09,307 ERROR:Could not write to HBase due to TTransportException(type=1, message="Could not connect to ('172.17.0.2', 32770)")
2024-07-02 11:11:12,425 ERROR:Could not write to HBase due to TTransportException(type=1, message="Could not connect to ('172.17.0.2', 32770)")
2024-07-02 11:11:15,544 ERROR:Could not write to HBase due to TTransportException(type=1, message="Could not connect to ('172.17.0.2', 32770)")
2024-07-02 11:11:18,663 ERROR:Could not write to HBase due to TTransportException(type=1, message="Could not connect to ('172.17.0.2', 32770)")
2024-07-02 11:11:21,784 ERROR:Could not write to HBase due to TTransportException(type=1, message="Could not connect to ('172.17.0.2', 32770)")
2024-07-02 11:11:21,878 INFO:Closing down clientserver connection
2024-07-02 11:11:49,396 INFO:Spark session created succesfully
2024-07-02 11:11:53,995 INFO:df_interactions_clients contains less than 5% of missing values, we just dropped them.
2024-07-02 11:11:54,024 INFO:timestamp has been converted successfully.
2024-07-02 11:11:54,336 INFO:df_navigation_web contains less than 5% of missing values, we just dropped them.
2024-07-02 11:11:54,347 INFO:timestamp has been converted successfully.
2024-07-02 11:11:54,634 INFO:df_produits_souscrits contains less than 5% of missing values, we just dropped them.
2024-07-02 11:11:54,641 INFO:subscription_date has been converted successfully.
2024-07-02 11:12:09,186 INFO:Data written to HBase table interactions_clients successfully
2024-07-02 11:12:28,079 INFO:Data written to HBase table navigation_web successfully
2024-07-02 11:12:33,184 INFO:Data written to HBase table produits_souscrits successfully
2024-07-02 11:12:35,110 INFO:Data written to HBase table duration_by_client successfully
2024-07-02 11:12:36,797 INFO:Data written to HBase table duration_navigation_by_client successfully
2024-07-02 11:12:37,083 INFO:Closing down clientserver connection
